<?xml version="1.0" encoding="UTF-8"?>
<!-- Generated by org.testng.reporters.JUnitXMLReporter -->
<testsuite ignored="0" hostname="DESKTOP-1OAFMHP" failures="0" tests="8" name="Default test" time="11.671" errors="0" timestamp="2021-09-16T12:25:26 IST">
  <testcase classname="com.sr.demo.RestAssuredTestCases" name="DeleteTest" time="4.094"/>
  <testcase classname="com.sr.demo.RestAssuredTestCases" name="getTest" time="3.132"/>
  <testcase classname="com.sr.demo.RestAssuredTestCases" name="postRequest" time="0.96"/>
  <testcase classname="com.sr.demo.RestAssuredTestCases" name="putTest" time="0.634"/>
  <testcase classname="com.sr.demo.RestAssuredTestCases" name="test01" time="0.245"/>
  <testcase classname="com.sr.demo.RestAssuredTestCases" name="test02" time="0.3"/>
  <testcase classname="com.sr.demo.RestAssuredTestCases" name="test03" time="1.914"/>
  <testcase classname="com.sr.demo.RestAssuredTestCases" name="test04" time="0.303"/>
</testsuite> <!-- Default test -->
